/home/raj/raj_prac_ws/src/odometry_control/install/odometry_control/lib/python3.10/site-packages/odometry_control/diff_drive.py
/home/raj/raj_prac_ws/src/odometry_control/install/odometry_control/lib/python3.10/site-packages/odometry_control/odometry.py
/home/raj/raj_prac_ws/src/odometry_control/install/odometry_control/lib/python3.10/site-packages/odometry_control/__init__.py
/home/raj/raj_prac_ws/src/odometry_control/install/odometry_control/lib/python3.10/site-packages/odometry_control/goal_controller.py
/home/raj/raj_prac_ws/src/odometry_control/install/odometry_control/lib/python3.10/site-packages/odometry_control/square_drive.py
/home/raj/raj_prac_ws/src/odometry_control/install/odometry_control/lib/python3.10/site-packages/odometry_control/physics_node.py
/home/raj/raj_prac_ws/src/odometry_control/install/odometry_control/lib/python3.10/site-packages/odometry_control/sensor_fusion.py
/home/raj/raj_prac_ws/src/odometry_control/install/odometry_control/lib/python3.10/site-packages/odometry_control/__pycache__/diff_drive.cpython-310.pyc
/home/raj/raj_prac_ws/src/odometry_control/install/odometry_control/lib/python3.10/site-packages/odometry_control/__pycache__/odometry.cpython-310.pyc
/home/raj/raj_prac_ws/src/odometry_control/install/odometry_control/lib/python3.10/site-packages/odometry_control/__pycache__/__init__.cpython-310.pyc
/home/raj/raj_prac_ws/src/odometry_control/install/odometry_control/lib/python3.10/site-packages/odometry_control/__pycache__/goal_controller.cpython-310.pyc
/home/raj/raj_prac_ws/src/odometry_control/install/odometry_control/lib/python3.10/site-packages/odometry_control/__pycache__/square_drive.cpython-310.pyc
/home/raj/raj_prac_ws/src/odometry_control/install/odometry_control/lib/python3.10/site-packages/odometry_control/__pycache__/physics_node.cpython-310.pyc
/home/raj/raj_prac_ws/src/odometry_control/install/odometry_control/lib/python3.10/site-packages/odometry_control/__pycache__/sensor_fusion.cpython-310.pyc
/home/raj/raj_prac_ws/src/odometry_control/install/odometry_control/share/ament_index/resource_index/packages/odometry_control
/home/raj/raj_prac_ws/src/odometry_control/install/odometry_control/share/odometry_control/package.xml
/home/raj/raj_prac_ws/src/odometry_control/install/odometry_control/lib/python3.10/site-packages/odometry_control-0.0.0-py3.10.egg-info/requires.txt
/home/raj/raj_prac_ws/src/odometry_control/install/odometry_control/lib/python3.10/site-packages/odometry_control-0.0.0-py3.10.egg-info/entry_points.txt
/home/raj/raj_prac_ws/src/odometry_control/install/odometry_control/lib/python3.10/site-packages/odometry_control-0.0.0-py3.10.egg-info/PKG-INFO
/home/raj/raj_prac_ws/src/odometry_control/install/odometry_control/lib/python3.10/site-packages/odometry_control-0.0.0-py3.10.egg-info/zip-safe
/home/raj/raj_prac_ws/src/odometry_control/install/odometry_control/lib/python3.10/site-packages/odometry_control-0.0.0-py3.10.egg-info/dependency_links.txt
/home/raj/raj_prac_ws/src/odometry_control/install/odometry_control/lib/python3.10/site-packages/odometry_control-0.0.0-py3.10.egg-info/SOURCES.txt
/home/raj/raj_prac_ws/src/odometry_control/install/odometry_control/lib/python3.10/site-packages/odometry_control-0.0.0-py3.10.egg-info/top_level.txt
/home/raj/raj_prac_ws/src/odometry_control/install/odometry_control/lib/odometry_control/goal_controller
/home/raj/raj_prac_ws/src/odometry_control/install/odometry_control/lib/odometry_control/odometry
/home/raj/raj_prac_ws/src/odometry_control/install/odometry_control/lib/odometry_control/physics_node
/home/raj/raj_prac_ws/src/odometry_control/install/odometry_control/lib/odometry_control/sensor_fusion
/home/raj/raj_prac_ws/src/odometry_control/install/odometry_control/lib/odometry_control/square_drive
