running egg_info
writing build/odometry_control/odometry_control.egg-info/PKG-INFO
writing dependency_links to build/odometry_control/odometry_control.egg-info/dependency_links.txt
writing entry points to build/odometry_control/odometry_control.egg-info/entry_points.txt
writing requirements to build/odometry_control/odometry_control.egg-info/requires.txt
writing top-level names to build/odometry_control/odometry_control.egg-info/top_level.txt
reading manifest file 'build/odometry_control/odometry_control.egg-info/SOURCES.txt'
writing manifest file 'build/odometry_control/odometry_control.egg-info/SOURCES.txt'
running build
running build_py
running install
running install_lib
running install_data
running install_egg_info
removing '/home/raj/raj_prac_ws/src/odometry_control/install/odometry_control/lib/python3.10/site-packages/odometry_control-0.0.0-py3.10.egg-info' (and everything under it)
Copying build/odometry_control/odometry_control.egg-info to /home/raj/raj_prac_ws/src/odometry_control/install/odometry_control/lib/python3.10/site-packages/odometry_control-0.0.0-py3.10.egg-info
running install_scripts
Installing goal_controller script to /home/raj/raj_prac_ws/src/odometry_control/install/odometry_control/lib/odometry_control
Installing odometry script to /home/raj/raj_prac_ws/src/odometry_control/install/odometry_control/lib/odometry_control
Installing physics_node script to /home/raj/raj_prac_ws/src/odometry_control/install/odometry_control/lib/odometry_control
Installing sensor_fusion script to /home/raj/raj_prac_ws/src/odometry_control/install/odometry_control/lib/odometry_control
Installing square_drive script to /home/raj/raj_prac_ws/src/odometry_control/install/odometry_control/lib/odometry_control
writing list of installed files to '/home/raj/raj_prac_ws/src/odometry_control/build/odometry_control/install.log'
