[0.515s] Invoking command in '/home/raj/raj_prac_ws/src/odometry_control': PYTHONPATH=/home/raj/raj_prac_ws/src/odometry_control/build/odometry_control/prefix_override:/usr/lib/python3/dist-packages/colcon_core/task/python/colcon_distutils_commands:/home/raj/raj_prac_ws/src/odometry_control/install/odometry_control/lib/python3.10/site-packages:${PYTHONPATH} /usr/bin/python3 -W ignore:setup.py install is deprecated -W ignore:easy_install command is deprecated setup.py egg_info --egg-base build/odometry_control build --build-base /home/raj/raj_prac_ws/src/odometry_control/build/odometry_control/build install --record /home/raj/raj_prac_ws/src/odometry_control/build/odometry_control/install.log --single-version-externally-managed install_data
[0.712s] running egg_info
[0.713s] writing build/odometry_control/odometry_control.egg-info/PKG-INFO
[0.713s] writing dependency_links to build/odometry_control/odometry_control.egg-info/dependency_links.txt
[0.713s] writing entry points to build/odometry_control/odometry_control.egg-info/entry_points.txt
[0.713s] writing requirements to build/odometry_control/odometry_control.egg-info/requires.txt
[0.713s] writing top-level names to build/odometry_control/odometry_control.egg-info/top_level.txt
[0.715s] reading manifest file 'build/odometry_control/odometry_control.egg-info/SOURCES.txt'
[0.716s] writing manifest file 'build/odometry_control/odometry_control.egg-info/SOURCES.txt'
[0.716s] running build
[0.716s] running build_py
[0.717s] running install
[0.717s] running install_lib
[0.718s] running install_data
[0.718s] running install_egg_info
[0.719s] removing '/home/raj/raj_prac_ws/src/odometry_control/install/odometry_control/lib/python3.10/site-packages/odometry_control-0.0.0-py3.10.egg-info' (and everything under it)
[0.719s] Copying build/odometry_control/odometry_control.egg-info to /home/raj/raj_prac_ws/src/odometry_control/install/odometry_control/lib/python3.10/site-packages/odometry_control-0.0.0-py3.10.egg-info
[0.720s] running install_scripts
[0.734s] Installing goal_controller script to /home/raj/raj_prac_ws/src/odometry_control/install/odometry_control/lib/odometry_control
[0.734s] Installing odometry script to /home/raj/raj_prac_ws/src/odometry_control/install/odometry_control/lib/odometry_control
[0.734s] Installing physics_node script to /home/raj/raj_prac_ws/src/odometry_control/install/odometry_control/lib/odometry_control
[0.734s] Installing sensor_fusion script to /home/raj/raj_prac_ws/src/odometry_control/install/odometry_control/lib/odometry_control
[0.734s] Installing square_drive script to /home/raj/raj_prac_ws/src/odometry_control/install/odometry_control/lib/odometry_control
[0.734s] writing list of installed files to '/home/raj/raj_prac_ws/src/odometry_control/build/odometry_control/install.log'
[0.750s] Invoked command in '/home/raj/raj_prac_ws/src/odometry_control' returned '0': PYTHONPATH=/home/raj/raj_prac_ws/src/odometry_control/build/odometry_control/prefix_override:/usr/lib/python3/dist-packages/colcon_core/task/python/colcon_distutils_commands:/home/raj/raj_prac_ws/src/odometry_control/install/odometry_control/lib/python3.10/site-packages:${PYTHONPATH} /usr/bin/python3 -W ignore:setup.py install is deprecated -W ignore:easy_install command is deprecated setup.py egg_info --egg-base build/odometry_control build --build-base /home/raj/raj_prac_ws/src/odometry_control/build/odometry_control/build install --record /home/raj/raj_prac_ws/src/odometry_control/build/odometry_control/install.log --single-version-externally-managed install_data
