[0.494s] Invoking command in '/home/raj/raj_prac_ws/src/odometry_control': PYTHONPATH=/home/raj/raj_prac_ws/src/odometry_control/build/odometry_control/prefix_override:/usr/lib/python3/dist-packages/colcon_core/task/python/colcon_distutils_commands:/home/raj/raj_prac_ws/src/odometry_control/install/odometry_control/lib/python3.10/site-packages:${PYTHONPATH} /usr/bin/python3 -W ignore:setup.py install is deprecated -W ignore:easy_install command is deprecated setup.py egg_info --egg-base build/odometry_control build --build-base /home/raj/raj_prac_ws/src/odometry_control/build/odometry_control/build install --record /home/raj/raj_prac_ws/src/odometry_control/build/odometry_control/install.log --single-version-externally-managed install_data
[0.692s] running egg_info
[0.692s] writing build/odometry_control/odometry_control.egg-info/PKG-INFO
[0.692s] writing dependency_links to build/odometry_control/odometry_control.egg-info/dependency_links.txt
[0.692s] writing entry points to build/odometry_control/odometry_control.egg-info/entry_points.txt
[0.692s] writing requirements to build/odometry_control/odometry_control.egg-info/requires.txt
[0.692s] writing top-level names to build/odometry_control/odometry_control.egg-info/top_level.txt
[0.694s] reading manifest file 'build/odometry_control/odometry_control.egg-info/SOURCES.txt'
[0.694s] writing manifest file 'build/odometry_control/odometry_control.egg-info/SOURCES.txt'
[0.694s] running build
[0.694s] running build_py
[0.695s] copying odometry_control/physics_node.py -> /home/raj/raj_prac_ws/src/odometry_control/build/odometry_control/build/lib/odometry_control
[0.695s] running install
[0.695s] running install_lib
[0.695s] copying /home/raj/raj_prac_ws/src/odometry_control/build/odometry_control/build/lib/odometry_control/physics_node.py -> /home/raj/raj_prac_ws/src/odometry_control/install/odometry_control/lib/python3.10/site-packages/odometry_control
[0.696s] byte-compiling /home/raj/raj_prac_ws/src/odometry_control/install/odometry_control/lib/python3.10/site-packages/odometry_control/physics_node.py to physics_node.cpython-310.pyc
[0.697s] running install_data
[0.697s] running install_egg_info
[0.698s] removing '/home/raj/raj_prac_ws/src/odometry_control/install/odometry_control/lib/python3.10/site-packages/odometry_control-0.0.0-py3.10.egg-info' (and everything under it)
[0.698s] Copying build/odometry_control/odometry_control.egg-info to /home/raj/raj_prac_ws/src/odometry_control/install/odometry_control/lib/python3.10/site-packages/odometry_control-0.0.0-py3.10.egg-info
[0.698s] running install_scripts
[0.713s] Installing goal_controller script to /home/raj/raj_prac_ws/src/odometry_control/install/odometry_control/lib/odometry_control
[0.713s] Installing odometry script to /home/raj/raj_prac_ws/src/odometry_control/install/odometry_control/lib/odometry_control
[0.713s] Installing physics_node script to /home/raj/raj_prac_ws/src/odometry_control/install/odometry_control/lib/odometry_control
[0.713s] Installing square_drive script to /home/raj/raj_prac_ws/src/odometry_control/install/odometry_control/lib/odometry_control
[0.713s] writing list of installed files to '/home/raj/raj_prac_ws/src/odometry_control/build/odometry_control/install.log'
[0.729s] Invoked command in '/home/raj/raj_prac_ws/src/odometry_control' returned '0': PYTHONPATH=/home/raj/raj_prac_ws/src/odometry_control/build/odometry_control/prefix_override:/usr/lib/python3/dist-packages/colcon_core/task/python/colcon_distutils_commands:/home/raj/raj_prac_ws/src/odometry_control/install/odometry_control/lib/python3.10/site-packages:${PYTHONPATH} /usr/bin/python3 -W ignore:setup.py install is deprecated -W ignore:easy_install command is deprecated setup.py egg_info --egg-base build/odometry_control build --build-base /home/raj/raj_prac_ws/src/odometry_control/build/odometry_control/build install --record /home/raj/raj_prac_ws/src/odometry_control/build/odometry_control/install.log --single-version-externally-managed install_data
